<?xml version="1.0" encoding="UTF-8"?>
<testng-results ignored="0" total="1" passed="1" failed="0" skipped="0">
  <reporter-output>
  </reporter-output>
  <suite started-at="2024-08-02T22:02:49 IST" name="Default suite" finished-at="2024-08-02T22:02:58 IST" duration-ms="8819">
    <groups>
    </groups>
    <test started-at="2024-08-02T22:02:49 IST" name="Default test" finished-at="2024-08-02T22:02:58 IST" duration-ms="8819">
      <class name="LaunchPage">
        <test-method signature="launchPage()[pri:0, instance:LaunchPage@534a5a98]" started-at="2024-08-02T22:02:49 IST" name="launchPage" finished-at="2024-08-02T22:02:58 IST" duration-ms="8778" status="PASS">
          <reporter-output>
          </reporter-output>
        </test-method> <!-- launchPage -->
      </class> <!-- LaunchPage -->
    </test> <!-- Default test -->
  </suite> <!-- Default suite -->
</testng-results>
